<?xml version="1.0" encoding="UTF-8"?>
<!-- Generated by org.testng.reporters.JUnitXMLReporter -->
<testsuite ignored="2" hostname="LAPTOP-93S7PU00" failures="0" tests="5" name="Default test" time="356.11" errors="0" timestamp="2022-01-07T15:54:41 IST">
  <testcase classname="com.Test_Cases.Test_Search_Flights" name="LoginTest" time="1.821"/>
  <testcase classname="com.Test_Cases.Test_Search_Flights" name="m_flights_page" time="6.886"/>
  <testcase classname="com.Test_Cases.Test_Search_Flights" name="phLogin" time="3.813"/>
  <testcase classname="com.Test_Cases.Test_Search_Flights" name="searchFlights" time="44.776"/>
  <testcase classname="com.Test_Cases.Test_Search_Flights" name="v_booking_cred" time="46.935"/>
  <testcase classname="com.Test_Cases.Test_Search_Flights" name="invalid_Pwd" time="0.0">
    <ignored/>
  </testcase> <!-- invalid_Pwd -->
  <testcase classname="com.Test_Cases.Test_Search_Flights" name="travellerserror" time="0.0">
    <ignored/>
  </testcase> <!-- travellerserror -->
</testsuite> <!-- Default test -->
